{
  "RSpec": {
    "coverage": {
      "/Users/brianrippeto/Turing/4module/projects/idea_box/app/helpers/application_helper.rb": [
        1,
        null
      ],
      "/Users/brianrippeto/Turing/4module/projects/idea_box/app/helpers/ideas_helper.rb": [
        1,
        null
      ],
      "/Users/brianrippeto/Turing/4module/projects/idea_box/app/controllers/ideas_controller.rb": [
        1,
        null,
        1,
        null,
        null,
        null,
        null
      ],
      "/Users/brianrippeto/Turing/4module/projects/idea_box/app/controllers/application_controller.rb": [
        1,
        null,
        null,
        1,
        null
      ],
      "/Users/brianrippeto/Turing/4module/projects/idea_box/app/models/idea.rb": [
        1,
        1,
        1,
        null,
        1,
        null,
        null
      ],
      "/Users/brianrippeto/Turing/4module/projects/idea_box/app/controllers/api/v1/ideas_controller.rb": [
        1,
        1,
        null,
        1,
        1,
        null,
        null,
        1,
        null,
        1,
        1,
        null,
        null,
        null
      ],
      "/Users/brianrippeto/Turing/4module/projects/idea_box/app/controllers/api/api_controller.rb": [
        0,
        0,
        0
      ]
    },
    "timestamp": 1462906701
  }
}
